Line 1EXPLAIN
Line 2TAG	EISPOT
Line 3TITLE	LABEL	Potentiostatic EIS	Test &Identifier
Line 4DATE	LABEL	2017-4-16	Date
Line 5TIME	LABEL	4:58:45	Time
Line 6NOTES	NOTES	2	&Notes...
Line 7	
Line 8	
Line 9PSTAT	PSTAT	REF600-19025	Potentiostat
Line 10VDC	POTEN	0.00000E+000	T	DC &Voltage (V)
Line 11FREQINIT	QUANT	1.00000E+005	Initial Fre&q. (Hz)
Line 12FREQFINAL	QUANT	1.00000E-001	Final Fre&q. (Hz)
Line 13PTSPERDEC	QUANT	5.00000E+000	Points/&decade
Line 14VAC	QUANT	2.00000E+001	AC &Voltage (mV rms)
Line 15AREA	QUANT	1.00000E+000	&Area (cm^2)
Line 16CONDIT	TWOPARAM	F	1.50000E+001	0.00000E+000	Conditionin&g	Time(s)	E(V)
Line 17DELAY	TWOPARAM	T	3.00000E+002	0.00000E+000	Init. De&lay	Time(s)	Stab.(mV/s)
Line 18SPEED	SELECTOR	2	&Optimize for:
Line 19ZGUESS	QUANT	1.00000E+008	E&stimated Z (ohms)
Line 20OCVCURVE	TABLE	634
Line 21	Pt	T	Vf	Vm	Ach	Over
Line 22	#	s	V vs. Ref.	V	V	bits
Line 23	0	0.25	-1.48177E-001	-1.48177E-001	4.02944E-004	...........
Line 24	1	0.5	-1.48149E-001	-1.46706E-001	4.03777E-004	...........
Line 25	2	0.75	-1.47981E-001	-1.45558E-001	4.00777E-004	...........
Line 26	3	1	-1.47466E-001	-1.41540E-001	4.03069E-004	...........
Line 27	4	1.25	-1.46176E-001	-1.29498E-001	3.96694E-004	...........
Line 28	5	1.5	-1.43080E-001	-1.10249E-001	4.02361E-004	...........
Line 29	6	1.75	-1.36804E-001	-1.01932E-001	4.06986E-004	...........
Line 30	7	2	-1.27266E-001	-1.00801E-001	4.08986E-004	...........
Line 31	8	2.25	-1.16709E-001	-9.96508E-002	4.08486E-004	...........
Line 32	9	2.5	-1.08112E-001	-1.00948E-001	4.06486E-004	...........
Line 33	10	2.75	-1.02936E-001	-1.01336E-001	4.05527E-004	...........
Line 34	11	3	-1.00787E-001	-1.01346E-001	4.05986E-004	...........
Line 35	12	3.25	-1.00473E-001	-1.03173E-001	4.03902E-004	...........
Line 36	13	3.5	-1.00969E-001	-1.03219E-001	4.04069E-004	...........
Line 37	14	3.75	-1.01744E-001	-1.04404E-001	4.02152E-004	...........
Line 38	15	4	-1.02607E-001	-1.06351E-001	4.06944E-004	...........
Line 39	16	4.25	-1.03513E-001	-1.04451E-001	4.04069E-004	...........
Line 40	17	4.5	-1.04315E-001	-1.03965E-001	4.06527E-004	...........
Line 41	18	4.75	-1.04743E-001	-1.04514E-001	4.05861E-004	...........
Line 42	19	5	-1.04781E-001	-1.06203E-001	4.03527E-004	...........
Line 43	20	5.25	-1.04803E-001	-1.07011E-001	4.06527E-004	...........
Line 44	21	5.5	-1.05088E-001	-1.03720E-001	4.01861E-004	...........
Line 45	22	5.75	-1.05386E-001	-1.03413E-001	4.07527E-004	...........
Line 46	23	6	-1.05276E-001	-1.04731E-001	3.99319E-004	...........
Line 47	24	6.25	-1.04842E-001	-1.05382E-001	4.03527E-004	...........
Line 48	25	6.5	-1.04560E-001	-1.05468E-001	4.00902E-004	...........
Line 49	26	6.75	-1.04644E-001	-1.04839E-001	4.00236E-004	...........
Line 50	27	7	-1.04780E-001	-9.89994E-002	3.99861E-004	...........
Line 51	28	7.25	-1.04340E-001	-9.86268E-002	4.05236E-004	...........
Line 52	29	7.5	-1.03006E-001	-9.87935E-002	4.04444E-004	...........
Line 53	30	7.75	-1.01233E-001	-9.85662E-002	4.03694E-004	...........
Line 54	31	8	-9.96693E-002	-9.32282E-002	3.93819E-004	...........
Line 55	32	8.25	-9.84809E-002	-1.02297E-001	4.00736E-004	...........
Line 56	33	8.5	-9.74866E-002	-8.23547E-002	3.97694E-004	...........
Line 57	34	8.75	-9.58138E-002	-7.56186E-002	3.97361E-004	...........
Line 58	35	9	-9.22520E-002	-8.44823E-002	3.99736E-004	...........
Line 59	36	9.25	-8.75173E-002	-8.52766E-002	4.01236E-004	...........
Line 60	37	9.5	-8.40984E-002	-8.49235E-002	4.01027E-004	...........
Line 61	38	9.75	-8.31777E-002	-8.72261E-002	4.07694E-004	...........
Line 62	39	10	-8.39265E-002	-8.76809E-002	4.07569E-004	...........
Line 63	40	10.25	-8.52234E-002	-8.86025E-002	4.03111E-004	...........
Line 64	41	10.5	-8.65054E-002	-8.97004E-002	4.03236E-004	...........
Line 65	42	10.75	-8.76289E-002	-9.07847E-002	4.00694E-004	...........
Line 66	43	11	-8.86512E-002	-9.17738E-002	4.07069E-004	...........
Line 67	44	11.25	-8.96537E-002	-9.26793E-002	4.13819E-004	...........
Line 68	45	11.5	-9.06533E-002	-9.34547E-002	4.13902E-004	...........
Line 69	46	11.75	-9.16189E-002	-9.41251E-002	4.10194E-004	...........
Line 70	47	12	-9.25133E-002	-9.47905E-002	4.04652E-004	...........
Line 71	48	12.25	-9.33211E-002	-9.54541E-002	4.05027E-004	...........
Line 72	49	12.5	-9.40537E-002	-9.60641E-002	4.05986E-004	...........
Line 73	50	12.75	-9.47345E-002	-9.66577E-002	4.10486E-004	...........
Line 74	51	13	-9.53818E-002	-9.72795E-002	4.12652E-004	...........
Line 75	52	13.25	-9.60053E-002	-9.77792E-002	4.08111E-004	...........
Line 76	53	13.5	-9.66061E-002	-9.82637E-002	4.06777E-004	...........
Line 77	54	13.75	-9.71764E-002	-9.86966E-002	4.07986E-004	...........
Line 78	55	14	-9.77084E-002	-9.91964E-002	4.01819E-004	...........
Line 79	56	14.25	-9.82058E-002	-9.96406E-002	4.05027E-004	...........
Line 80	57	14.5	-9.86814E-002	-1.00096E-001	4.12111E-004	...........
Line 81	58	14.75	-9.91462E-002	-1.00548E-001	4.07486E-004	...........
Line 82	59	15	-9.96052E-002	-1.01008E-001	4.08861E-004	...........
Line 83	60	15.25	-1.00060E-001	-1.01411E-001	4.08444E-004	...........
Line 84	61	15.5	-1.00509E-001	-1.01802E-001	4.07861E-004	...........
Line 85	62	15.75	-1.00945E-001	-1.02181E-001	4.08986E-004	...........
Line 86	63	16	-1.01364E-001	-1.02611E-001	4.13652E-004	...........
Line 87	64	16.25	-1.01770E-001	-1.03027E-001	4.11236E-004	...........
Line 88	65	16.5	-1.02173E-001	-1.03441E-001	4.12777E-004	...........
Line 89	66	16.75	-1.02580E-001	-1.03804E-001	4.10611E-004	...........
Line 90	67	17	-1.02985E-001	-1.04120E-001	4.04777E-004	...........
Line 91	68	17.25	-1.03378E-001	-1.04517E-001	4.04569E-004	...........
Line 92	69	17.5	-1.03754E-001	-1.04865E-001	4.11194E-004	...........
Line 93	70	17.75	-1.04118E-001	-1.05179E-001	4.07652E-004	...........
Line 94	71	18	-1.04473E-001	-1.05494E-001	4.06611E-004	...........
Line 95	72	18.25	-1.04820E-001	-1.05978E-001	4.05236E-004	...........
Line 96	73	18.5	-1.05170E-001	-1.06362E-001	4.06152E-004	...........
Line 97	74	18.75	-1.05534E-001	-1.06601E-001	4.11486E-004	...........
Line 98	75	19	-1.05904E-001	-1.06888E-001	4.08819E-004	...........
Line 99	76	19.25	-1.06258E-001	-1.07328E-001	4.09319E-004	...........
Line 100	77	19.5	-1.06580E-001	-1.06910E-001	4.09111E-004	...........
Line 101	78	19.75	-1.06669E-001	-9.82640E-002	4.10194E-004	...........
Line 102	79	20	-1.06072E-001	-1.04586E-001	4.10194E-004	...........
Line 103	80	20.25	-1.05153E-001	-1.22093E-001	4.02736E-004	...........
Line 104	81	20.5	-1.06044E-001	-1.32224E-001	4.05194E-004	...........
Line 105	82	20.75	-1.11062E-001	-1.51313E-001	4.04902E-004	...........
Line 106	83	21	-1.20238E-001	-1.43167E-001	3.99861E-004	...........
Line 107	84	21.25	-1.30641E-001	-1.37329E-001	3.98027E-004	...........
Line 108	85	21.5	-1.38150E-001	-1.35047E-001	4.02986E-004	...........
Line 109	86	21.75	-1.40690E-001	-1.33456E-001	4.01486E-004	...........
Line 110	87	22	-1.39444E-001	-1.32026E-001	4.03652E-004	...........
Line 111	88	22.25	-1.36800E-001	-1.30830E-001	4.07111E-004	...........
Line 112	89	22.5	-1.34308E-001	-1.29857E-001	4.02902E-004	...........
Line 113	90	22.75	-1.32420E-001	-1.29067E-001	4.09736E-004	...........
Line 114	91	23	-1.31052E-001	-1.28356E-001	4.06861E-004	...........
Line 115	92	23.25	-1.30016E-001	-1.27754E-001	4.03652E-004	...........
Line 116	93	23.5	-1.29180E-001	-1.27275E-001	4.00569E-004	...........
Line 117	94	23.75	-1.28476E-001	-1.26875E-001	4.06236E-004	...........
Line 118	95	24	-1.27873E-001	-1.26287E-001	4.00361E-004	...........
Line 119	96	24.25	-1.27321E-001	-1.24805E-001	3.98236E-004	...........
Line 120	97	24.5	-1.26694E-001	-1.22866E-001	4.06027E-004	...........
Line 121	98	24.75	-1.25808E-001	-1.21006E-001	4.07319E-004	...........
Line 122	99	25	-1.24447E-001	-1.13582E-001	4.05986E-004	...........
Line 123	100	25.25	-1.22343E-001	-1.13397E-001	4.08527E-004	...........
Line 124	101	25.5	-1.19495E-001	-1.11296E-001	4.07152E-004	...........
Line 125	102	25.75	-1.16292E-001	-1.02048E-001	4.06569E-004	...........
Line 126	103	26	-1.12723E-001	-9.35406E-002	3.99652E-004	...........
Line 127	104	26.25	-1.08228E-001	-9.35474E-002	4.00402E-004	...........
Line 128	105	26.5	-1.02975E-001	-9.36770E-002	4.04069E-004	...........
Line 129	106	26.75	-9.83421E-002	-9.74327E-002	4.01611E-004	...........
Line 130	107	27	-9.57335E-002	-1.00693E-001	4.02652E-004	...........
Line 131	108	27.25	-9.55230E-002	-1.01508E-001	4.01486E-004	...........
Line 132	109	27.5	-9.70915E-002	-1.06505E-001	4.06194E-004	...........
Line 133	110	27.75	-9.95598E-002	-1.07809E-001	4.02277E-004	...........
Line 134	111	28	-1.02312E-001	-1.08661E-001	4.04277E-004	...........
Line 135	112	28.25	-1.04887E-001	-1.09277E-001	4.04902E-004	...........
Line 136	113	28.5	-1.06908E-001	-1.09500E-001	4.01194E-004	...........
Line 137	114	28.75	-1.08247E-001	-1.09629E-001	3.99194E-004	...........
Line 138	115	29	-1.09026E-001	-1.09914E-001	4.04736E-004	...........
Line 139	116	29.25	-1.09451E-001	-1.10251E-001	4.04611E-004	...........
Line 140	117	29.5	-1.09723E-001	-1.10621E-001	4.02777E-004	...........
Line 141	118	29.75	-1.09976E-001	-1.11009E-001	4.00069E-004	...........
Line 142	119	30	-1.10270E-001	-1.11427E-001	4.02944E-004	...........
Line 143	120	30.25	-1.10613E-001	-1.11860E-001	4.02069E-004	...........
Line 144	121	30.5	-1.10995E-001	-1.12280E-001	4.06027E-004	...........
Line 145	122	30.75	-1.11401E-001	-1.12697E-001	3.97903E-004	...........
Line 146	123	31	-1.11819E-001	-1.13054E-001	4.02236E-004	...........
Line 147	124	31.25	-1.12234E-001	-1.13409E-001	4.05652E-004	...........
Line 148	125	31.5	-1.12634E-001	-1.13749E-001	4.00819E-004	...........
Line 149	126	31.75	-1.13013E-001	-1.14105E-001	4.06402E-004	...........
Line 150	127	32	-1.13376E-001	-1.14462E-001	4.07527E-004	...........
Line 151	128	32.25	-1.13729E-001	-1.14786E-001	4.07527E-004	...........
Line 152	129	32.5	-1.14078E-001	-1.15153E-001	4.05611E-004	...........
Line 153	130	32.75	-1.14425E-001	-1.15457E-001	4.02694E-004	...........
Line 154	131	33	-1.14766E-001	-1.15703E-001	4.04194E-004	...........
Line 155	132	33.25	-1.15094E-001	-1.15997E-001	4.09569E-004	...........
Line 156	133	33.5	-1.15403E-001	-1.16284E-001	4.09694E-004	...........
Line 157	134	33.75	-1.15695E-001	-1.16560E-001	4.06111E-004	...........
Line 158	135	34	-1.15977E-001	-1.16794E-001	4.07944E-004	...........
Line 159	136	34.25	-1.16254E-001	-1.17080E-001	4.05152E-004	...........
Line 160	137	34.5	-1.16524E-001	-1.17371E-001	4.02652E-004	...........
Line 161	138	34.75	-1.16793E-001	-1.17634E-001	4.07652E-004	...........
Line 162	139	35	-1.17065E-001	-1.17925E-001	4.01111E-004	...........
Line 163	140	35.25	-1.17341E-001	-1.18195E-001	4.02319E-004	...........
Line 164	141	35.5	-1.17619E-001	-1.18453E-001	4.00861E-004	...........
Line 165	142	35.75	-1.17894E-001	-1.18688E-001	4.05652E-004	...........
Line 166	143	36	-1.18163E-001	-1.18950E-001	4.05027E-004	...........
Line 167	144	36.25	-1.18423E-001	-1.19220E-001	4.05986E-004	...........
Line 168	145	36.5	-1.18680E-001	-1.19482E-001	4.05194E-004	...........
Line 169	146	36.75	-1.18937E-001	-1.19712E-001	4.03611E-004	...........
Line 170	147	37	-1.19195E-001	-1.20004E-001	4.10736E-004	...........
Line 171	148	37.25	-1.19453E-001	-1.20238E-001	4.04944E-004	...........
Line 172	149	37.5	-1.19710E-001	-1.20481E-001	4.05402E-004	...........
Line 173	150	37.75	-1.19965E-001	-1.20725E-001	4.05736E-004	...........
Line 174	151	38	-1.20216E-001	-1.20975E-001	4.02319E-004	...........
Line 175	152	38.25	-1.20463E-001	-1.21221E-001	4.02819E-004	...........
Line 176	153	38.5	-1.20708E-001	-1.21427E-001	4.03152E-004	...........
Line 177	154	38.75	-1.20950E-001	-1.21668E-001	4.05527E-004	...........
Line 178	155	39	-1.21187E-001	-1.21920E-001	4.06152E-004	...........
Line 179	156	39.25	-1.21420E-001	-1.22082E-001	4.04027E-004	...........
Line 180	157	39.5	-1.21648E-001	-1.22268E-001	4.06027E-004	...........
Line 181	158	39.75	-1.21865E-001	-1.22513E-001	3.99694E-004	...........
Line 182	159	40	-1.22073E-001	-1.22724E-001	4.06027E-004	...........
Line 183	160	40.25	-1.22279E-001	-1.22920E-001	4.01527E-004	...........
Line 184	161	40.5	-1.22489E-001	-1.23149E-001	4.02486E-004	...........
Line 185	162	40.75	-1.22700E-001	-1.23339E-001	4.06444E-004	...........
Line 186	163	41	-1.22911E-001	-1.23548E-001	4.05444E-004	...........
Line 187	164	41.25	-1.23120E-001	-1.23748E-001	4.06111E-004	...........
Line 188	165	41.5	-1.23327E-001	-1.23979E-001	4.09652E-004	...........
Line 189	166	41.75	-1.23534E-001	-1.24230E-001	4.08777E-004	...........
Line 190	167	42	-1.23748E-001	-1.24419E-001	4.06361E-004	...........
Line 191	168	42.25	-1.23967E-001	-1.24617E-001	4.02319E-004	...........
Line 192	169	42.5	-1.24187E-001	-1.24862E-001	4.03111E-004	...........
Line 193	170	42.75	-1.24403E-001	-1.25049E-001	4.06944E-004	...........
Line 194	171	43	-1.24617E-001	-1.25280E-001	4.05777E-004	...........
Line 195	172	43.25	-1.24830E-001	-1.25498E-001	4.04902E-004	...........
Line 196	173	43.5	-1.25045E-001	-1.25717E-001	4.05527E-004	...........
Line 197	174	43.75	-1.25262E-001	-1.25904E-001	4.08027E-004	...........
Line 198	175	44	-1.25476E-001	-1.26078E-001	4.09944E-004	...........
Line 199	176	44.25	-1.25682E-001	-1.26231E-001	4.03652E-004	...........
Line 200	177	44.5	-1.25875E-001	-1.26408E-001	4.02111E-004	...........
Line 201	178	44.75	-1.26055E-001	-1.26559E-001	4.02069E-004	...........
Line 202	179	45	-1.26225E-001	-1.26781E-001	4.00069E-004	...........
Line 203	180	45.25	-1.26397E-001	-1.27007E-001	3.93694E-004	...........
Line 204	181	45.5	-1.26578E-001	-1.27186E-001	3.98361E-004	...........
Line 205	182	45.75	-1.26770E-001	-1.27315E-001	3.99111E-004	...........
Line 206	183	46	-1.26964E-001	-1.27549E-001	3.97527E-004	...........
Line 207	184	46.25	-1.27152E-001	-1.27730E-001	4.00902E-004	...........
Line 208	185	46.5	-1.27337E-001	-1.27924E-001	3.97153E-004	...........
Line 209	186	46.75	-1.27525E-001	-1.28124E-001	3.99194E-004	...........
Line 210	187	47	-1.27716E-001	-1.28285E-001	4.02194E-004	...........
Line 211	188	47.25	-1.27907E-001	-1.28444E-001	4.03152E-004	...........
Line 212	189	47.5	-1.28091E-001	-1.28623E-001	4.05611E-004	...........
Line 213	190	47.75	-1.28268E-001	-1.28843E-001	4.03027E-004	...........
Line 214	191	48	-1.28445E-001	-1.29034E-001	4.01194E-004	...........
Line 215	192	48.25	-1.28628E-001	-1.29170E-001	3.99486E-004	...........
Line 216	193	48.5	-1.28813E-001	-1.29358E-001	4.02819E-004	...........
Line 217	194	48.75	-1.28995E-001	-1.29503E-001	4.05944E-004	...........
Line 218	195	49	-1.29167E-001	-1.29622E-001	4.00444E-004	...........
Line 219	196	49.25	-1.29327E-001	-1.29693E-001	3.95653E-004	...........
Line 220	197	49.5	-1.29469E-001	-1.29825E-001	3.98694E-004	...........
Line 221	198	49.75	-1.29595E-001	-1.30017E-001	3.97236E-004	...........
Line 222	199	50	-1.29717E-001	-1.30193E-001	4.00652E-004	...........
Line 223	200	50.25	-1.29853E-001	-1.30407E-001	4.04277E-004	...........
Line 224	201	50.5	-1.30011E-001	-1.30555E-001	4.04777E-004	...........
Line 225	202	50.75	-1.30185E-001	-1.30686E-001	3.98611E-004	...........
Line 226	203	51	-1.30361E-001	-1.30856E-001	4.03902E-004	...........
Line 227	204	51.25	-1.30529E-001	-1.31066E-001	3.93486E-004	...........
Line 228	205	51.5	-1.30693E-001	-1.31208E-001	3.98611E-004	...........
Line 229	206	51.75	-1.30860E-001	-1.31361E-001	3.95986E-004	...........
Line 230	207	52	-1.31027E-001	-1.31506E-001	3.99319E-004	...........
Line 231	208	52.25	-1.31190E-001	-1.31676E-001	4.01152E-004	...........
Line 232	209	52.5	-1.31348E-001	-1.31832E-001	4.06027E-004	...........
Line 233	210	52.75	-1.31504E-001	-1.31968E-001	4.06486E-004	...........
Line 234	211	53	-1.31659E-001	-1.32128E-001	3.97944E-004	...........
Line 235	212	53.25	-1.31813E-001	-1.32316E-001	4.03319E-004	...........
Line 236	213	53.5	-1.31967E-001	-1.32417E-001	4.05902E-004	...........
Line 237	214	53.75	-1.32125E-001	-1.32723E-001	4.05944E-004	...........
Line 238	215	54	-1.32291E-001	-1.32859E-001	4.06569E-004	...........
Line 239	216	54.25	-1.32469E-001	-1.32993E-001	4.06444E-004	...........
Line 240	217	54.5	-1.32652E-001	-1.33186E-001	4.09444E-004	...........
Line 241	218	54.75	-1.32830E-001	-1.33369E-001	4.03777E-004	...........
Line 242	219	55	-1.33003E-001	-1.33552E-001	4.08027E-004	...........
Line 243	220	55.25	-1.33177E-001	-1.33698E-001	4.04277E-004	...........
Line 244	221	55.5	-1.33351E-001	-1.33857E-001	4.05319E-004	...........
Line 245	222	55.75	-1.33521E-001	-1.33996E-001	4.05486E-004	...........
Line 246	223	56	-1.33684E-001	-1.34177E-001	4.04902E-004	...........
Line 247	224	56.25	-1.33842E-001	-1.34313E-001	4.01277E-004	...........
Line 248	225	56.5	-1.33998E-001	-1.34490E-001	3.97777E-004	...........
Line 249	226	56.75	-1.34155E-001	-1.34664E-001	3.98652E-004	...........
Line 250	227	57	-1.34314E-001	-1.34786E-001	4.05444E-004	...........
Line 251	228	57.25	-1.34473E-001	-1.34902E-001	4.09611E-004	...........
Line 252	229	57.5	-1.34627E-001	-1.35084E-001	4.04777E-004	...........
Line 253	230	57.75	-1.34774E-001	-1.35281E-001	3.98861E-004	...........
Line 254	231	58	-1.34924E-001	-1.35429E-001	4.04402E-004	...........
Line 255	232	58.25	-1.35082E-001	-1.35550E-001	4.06319E-004	...........
Line 256	233	58.5	-1.35243E-001	-1.35678E-001	4.08277E-004	...........
Line 257	234	58.75	-1.35396E-001	-1.35803E-001	4.05444E-004	...........
Line 258	235	59	-1.35537E-001	-1.35911E-001	3.99986E-004	...........
Line 259	236	59.25	-1.35666E-001	-1.36060E-001	4.04819E-004	...........
Line 260	237	59.5	-1.35792E-001	-1.36198E-001	4.08944E-004	...........
Line 261	238	59.75	-1.35918E-001	-1.36303E-001	4.07236E-004	...........
Line 262	239	60	-1.36046E-001	-1.36439E-001	4.05486E-004	...........
Line 263	240	60.25	-1.36175E-001	-1.36573E-001	4.05319E-004	...........
Line 264	241	60.5	-1.36303E-001	-1.36696E-001	4.08652E-004	...........
Line 265	242	60.75	-1.36430E-001	-1.36788E-001	4.06944E-004	...........
Line 266	243	61	-1.36555E-001	-1.36935E-001	4.03319E-004	...........
Line 267	244	61.25	-1.36677E-001	-1.37053E-001	4.07652E-004	...........
Line 268	245	61.5	-1.36797E-001	-1.37173E-001	4.07819E-004	...........
Line 269	246	61.75	-1.36919E-001	-1.37296E-001	4.05069E-004	...........
Line 270	247	62	-1.37042E-001	-1.37432E-001	4.08694E-004	...........
Line 271	248	62.25	-1.37165E-001	-1.37523E-001	4.09986E-004	...........
Line 272	249	62.5	-1.37287E-001	-1.37639E-001	4.06361E-004	...........
Line 273	250	62.75	-1.37406E-001	-1.37785E-001	4.04652E-004	...........
Line 274	251	63	-1.37524E-001	-1.37911E-001	4.04819E-004	...........
Line 275	252	63.25	-1.37644E-001	-1.37995E-001	4.01152E-004	...........
Line 276	253	63.5	-1.37766E-001	-1.38137E-001	4.05319E-004	...........
Line 277	254	63.75	-1.37887E-001	-1.38314E-001	4.10027E-004	...........
Line 278	255	64	-1.38011E-001	-1.38416E-001	4.02152E-004	...........
Line 279	256	64.25	-1.38142E-001	-1.38520E-001	4.06027E-004	...........
Line 280	257	64.5	-1.38273E-001	-1.38651E-001	4.03611E-004	...........
Line 281	258	64.75	-1.38400E-001	-1.38774E-001	4.00569E-004	...........
Line 282	259	65	-1.38521E-001	-1.38859E-001	4.04944E-004	...........
Line 283	260	65.25	-1.38639E-001	-1.39039E-001	4.03152E-004	...........
Line 284	261	65.5	-1.38758E-001	-1.39166E-001	4.10111E-004	...........
Line 285	262	65.75	-1.38884E-001	-1.39325E-001	4.14152E-004	...........
Line 286	263	66	-1.39018E-001	-1.39406E-001	4.10027E-004	...........
Line 287	264	66.25	-1.39155E-001	-1.39567E-001	4.08861E-004	...........
Line 288	265	66.5	-1.39289E-001	-1.39705E-001	4.04819E-004	...........
Line 289	266	66.75	-1.39422E-001	-1.39860E-001	4.04527E-004	...........
Line 290	267	67	-1.39557E-001	-1.39973E-001	4.01527E-004	...........
Line 291	268	67.25	-1.39696E-001	-1.40126E-001	4.10819E-004	...........
Line 292	269	67.5	-1.39835E-001	-1.40268E-001	4.11736E-004	...........
Line 293	270	67.75	-1.39973E-001	-1.40357E-001	4.03152E-004	...........
Line 294	271	68	-1.40108E-001	-1.40474E-001	4.09402E-004	...........
Line 295	272	68.25	-1.40236E-001	-1.40649E-001	4.04069E-004	...........
Line 296	273	68.5	-1.40361E-001	-1.40767E-001	4.09319E-004	...........
Line 297	274	68.75	-1.40488E-001	-1.40841E-001	4.11152E-004	...........
Line 298	275	69	-1.40616E-001	-1.41010E-001	4.05611E-004	...........
Line 299	276	69.25	-1.40740E-001	-1.41116E-001	4.10027E-004	...........
Line 300	277	69.5	-1.40862E-001	-1.41232E-001	4.09569E-004	...........
Line 301	278	69.75	-1.40985E-001	-1.41367E-001	4.05027E-004	...........
Line 302	279	70	-1.41107E-001	-1.41484E-001	4.05402E-004	...........
Line 303	280	70.25	-1.41229E-001	-1.41596E-001	4.02777E-004	...........
Line 304	281	70.5	-1.41350E-001	-1.41679E-001	4.04819E-004	...........
Line 305	282	70.75	-1.41467E-001	-1.41813E-001	4.04694E-004	...........
Line 306	283	71	-1.41578E-001	-1.41910E-001	4.07527E-004	...........
Line 307	284	71.25	-1.41687E-001	-1.42019E-001	4.02361E-004	...........
Line 308	285	71.5	-1.41795E-001	-1.42131E-001	4.02236E-004	...........
Line 309	286	71.75	-1.41905E-001	-1.42292E-001	4.07569E-004	...........
Line 310	287	72	-1.42019E-001	-1.42404E-001	4.03152E-004	...........
Line 311	288	72.25	-1.42138E-001	-1.42463E-001	4.08236E-004	...........
Line 312	289	72.5	-1.42258E-001	-1.42551E-001	4.05777E-004	...........
Line 313	290	72.75	-1.42366E-001	-1.42659E-001	4.08902E-004	...........
Line 314	291	73	-1.42464E-001	-1.42752E-001	4.06611E-004	...........
Line 315	292	73.25	-1.42557E-001	-1.42856E-001	4.04027E-004	...........
Line 316	293	73.5	-1.42651E-001	-1.42994E-001	4.06444E-004	...........
Line 317	294	73.75	-1.42752E-001	-1.43091E-001	4.11152E-004	...........
Line 318	295	74	-1.42860E-001	-1.43223E-001	4.10986E-004	...........
Line 319	296	74.25	-1.42974E-001	-1.43343E-001	4.10819E-004	...........
Line 320	297	74.5	-1.43092E-001	-1.43478E-001	4.06277E-004	...........
Line 321	298	74.75	-1.43213E-001	-1.43570E-001	4.10361E-004	...........
Line 322	299	75	-1.43334E-001	-1.43702E-001	4.03236E-004	...........
Line 323	300	75.25	-1.43454E-001	-1.43803E-001	4.04402E-004	...........
Line 324	301	75.5	-1.43570E-001	-1.43914E-001	4.06569E-004	...........
Line 325	302	75.75	-1.43683E-001	-1.43967E-001	4.09569E-004	...........
Line 326	303	76	-1.43790E-001	-1.44103E-001	4.11027E-004	...........
Line 327	304	76.25	-1.43890E-001	-1.44218E-001	4.09111E-004	...........
Line 328	305	76.5	-1.43990E-001	-1.44317E-001	4.06444E-004	...........
Line 329	306	76.75	-1.44094E-001	-1.44434E-001	4.09111E-004	...........
Line 330	307	77	-1.44203E-001	-1.44567E-001	4.13027E-004	...........
Line 331	308	77.25	-1.44315E-001	-1.44658E-001	4.10194E-004	...........
Line 332	309	77.5	-1.44429E-001	-1.44751E-001	4.12944E-004	...........
Line 333	310	77.75	-1.44540E-001	-1.44848E-001	4.11111E-004	...........
Line 334	311	78	-1.44646E-001	-1.44998E-001	4.12444E-004	...........
Line 335	312	78.25	-1.44751E-001	-1.45070E-001	4.09944E-004	...........
Line 336	313	78.5	-1.44856E-001	-1.45147E-001	4.12944E-004	...........
Line 337	314	78.75	-1.44960E-001	-1.45252E-001	4.08236E-004	...........
Line 338	315	79	-1.45059E-001	-1.45404E-001	4.05944E-004	...........
Line 339	316	79.25	-1.45158E-001	-1.45510E-001	4.08402E-004	...........
Line 340	317	79.5	-1.45266E-001	-1.45618E-001	4.06402E-004	...........
Line 341	318	79.75	-1.45380E-001	-1.45749E-001	4.09944E-004	...........
Line 342	319	80	-1.45497E-001	-1.45809E-001	4.04819E-004	...........
Line 343	320	80.25	-1.45609E-001	-1.45882E-001	4.11402E-004	...........
Line 344	321	80.5	-1.45711E-001	-1.45955E-001	4.11694E-004	...........
Line 345	322	80.75	-1.45800E-001	-1.46097E-001	4.10402E-004	...........
Line 346	323	81	-1.45886E-001	-1.46188E-001	4.11069E-004	...........
Line 347	324	81.25	-1.45977E-001	-1.46260E-001	4.09361E-004	...........
Line 348	325	81.5	-1.46073E-001	-1.46399E-001	4.05736E-004	...........
Line 349	326	81.75	-1.46173E-001	-1.46536E-001	4.09361E-004	...........
Line 350	327	82	-1.46280E-001	-1.46639E-001	4.06652E-004	...........
Line 351	328	82.25	-1.46394E-001	-1.46750E-001	4.03361E-004	...........
Line 352	329	82.5	-1.46512E-001	-1.46854E-001	4.07819E-004	...........
Line 353	330	82.75	-1.46627E-001	-1.46947E-001	4.07736E-004	...........
Line 354	331	83	-1.46736E-001	-1.47036E-001	4.08486E-004	...........
Line 355	332	83.25	-1.46840E-001	-1.47162E-001	4.07236E-004	...........
Line 356	333	83.5	-1.46941E-001	-1.47288E-001	4.03277E-004	...........
Line 357	334	83.75	-1.47045E-001	-1.47353E-001	4.07444E-004	...........
Line 358	335	84	-1.47151E-001	-1.47434E-001	4.04194E-004	...........
Line 359	336	84.25	-1.47253E-001	-1.47564E-001	4.06152E-004	...........
Line 360	337	84.5	-1.47350E-001	-1.47660E-001	4.09361E-004	...........
Line 361	338	84.75	-1.47447E-001	-1.47741E-001	4.08027E-004	...........
Line 362	339	85	-1.47546E-001	-1.47857E-001	4.16777E-004	...........
Line 363	340	85.25	-1.47646E-001	-1.47970E-001	4.07236E-004	...........
Line 364	341	85.5	-1.47746E-001	-1.48051E-001	4.13152E-004	...........
Line 365	342	85.75	-1.47849E-001	-1.48160E-001	4.08944E-004	...........
Line 366	343	86	-1.47951E-001	-1.48290E-001	4.11361E-004	...........
Line 367	344	86.25	-1.48054E-001	-1.48369E-001	4.08277E-004	...........
Line 368	345	86.5	-1.48159E-001	-1.48458E-001	4.05569E-004	...........
Line 369	346	86.75	-1.48262E-001	-1.48565E-001	4.15777E-004	...........
Line 370	347	87	-1.48361E-001	-1.48655E-001	4.14152E-004	...........
Line 371	348	87.25	-1.48457E-001	-1.48738E-001	4.12444E-004	...........
Line 372	349	87.5	-1.48552E-001	-1.48864E-001	4.14986E-004	...........
Line 373	350	87.75	-1.48648E-001	-1.48964E-001	4.17361E-004	...........
Line 374	351	88	-1.48747E-001	-1.49074E-001	4.12319E-004	...........
Line 375	352	88.25	-1.48850E-001	-1.49136E-001	4.07611E-004	...........
Line 376	353	88.5	-1.48952E-001	-1.49263E-001	4.12611E-004	...........
Line 377	354	88.75	-1.49052E-001	-1.49344E-001	4.08777E-004	...........
Line 378	355	89	-1.49148E-001	-1.49442E-001	4.10652E-004	...........
Line 379	356	89.25	-1.49244E-001	-1.49532E-001	4.11361E-004	...........
Line 380	357	89.5	-1.49339E-001	-1.49647E-001	4.10861E-004	...........
Line 381	358	89.75	-1.49435E-001	-1.49744E-001	4.14361E-004	...........
Line 382	359	90	-1.49533E-001	-1.49813E-001	4.15986E-004	...........
Line 383	360	90.25	-1.49630E-001	-1.49897E-001	4.18152E-004	...........
Line 384	361	90.5	-1.49723E-001	-1.50024E-001	4.13652E-004	...........
Line 385	362	90.75	-1.49814E-001	-1.50112E-001	4.09069E-004	...........
Line 386	363	91	-1.49908E-001	-1.50209E-001	4.12611E-004	...........
Line 387	364	91.25	-1.50005E-001	-1.50314E-001	4.05486E-004	...........
Line 388	365	91.5	-1.50104E-001	-1.50406E-001	4.07861E-004	...........
Line 389	366	91.75	-1.50203E-001	-1.50484E-001	4.08361E-004	...........
Line 390	367	92	-1.50300E-001	-1.50591E-001	4.11902E-004	...........
Line 391	368	92.25	-1.50395E-001	-1.50728E-001	4.13277E-004	...........
Line 392	369	92.5	-1.50492E-001	-1.50777E-001	4.13236E-004	...........
Line 393	370	92.75	-1.50591E-001	-1.50855E-001	4.12652E-004	...........
Line 394	371	93	-1.50686E-001	-1.50959E-001	4.15402E-004	...........
Line 395	372	93.25	-1.50776E-001	-1.51059E-001	4.11152E-004	...........
Line 396	373	93.5	-1.50863E-001	-1.51149E-001	4.08027E-004	...........
Line 397	374	93.75	-1.50954E-001	-1.51248E-001	4.11444E-004	...........
Line 398	375	94	-1.51049E-001	-1.51380E-001	4.07194E-004	...........
Line 399	376	94.25	-1.51148E-001	-1.51477E-001	4.03777E-004	...........
Line 400	377	94.5	-1.51252E-001	-1.51553E-001	4.08111E-004	...........
Line 401	378	94.75	-1.51356E-001	-1.51636E-001	4.14861E-004	...........
Line 402	379	95	-1.51455E-001	-1.51714E-001	4.16986E-004	...........
Line 403	380	95.25	-1.51545E-001	-1.51801E-001	4.09027E-004	...........
Line 404	381	95.5	-1.51630E-001	-1.51883E-001	4.04902E-004	...........
Line 405	382	95.75	-1.51712E-001	-1.51963E-001	4.11319E-004	...........
Line 406	383	96	-1.51793E-001	-1.52030E-001	4.12152E-004	...........
Line 407	384	96.25	-1.51872E-001	-1.52049E-001	4.14527E-004	...........
Line 408	385	96.5	-1.51945E-001	-1.52134E-001	4.08944E-004	...........
Line 409	386	96.75	-1.52009E-001	-1.52241E-001	4.11694E-004	...........
Line 410	387	97	-1.52073E-001	-1.52324E-001	4.08986E-004	...........
Line 411	388	97.25	-1.52146E-001	-1.52389E-001	4.10819E-004	...........
Line 412	389	97.5	-1.52226E-001	-1.52492E-001	4.11236E-004	...........
Line 413	390	97.75	-1.52309E-001	-1.52572E-001	4.09944E-004	...........
Line 414	391	98	-1.52394E-001	-1.52627E-001	4.09944E-004	...........
Line 415	392	98.25	-1.52477E-001	-1.52728E-001	4.08944E-004	...........
Line 416	393	98.5	-1.52558E-001	-1.52837E-001	4.09861E-004	...........
Line 417	394	98.75	-1.52640E-001	-1.52889E-001	4.14652E-004	...........
Line 418	395	99	-1.52724E-001	-1.52948E-001	4.10902E-004	...........
Line 419	396	99.25	-1.52806E-001	-1.53034E-001	4.11527E-004	...........
Line 420	397	99.5	-1.52883E-001	-1.53160E-001	4.07861E-004	...........
Line 421	398	99.75	-1.52960E-001	-1.53229E-001	4.05986E-004	...........
Line 422	399	100	-1.53045E-001	-1.53314E-001	4.12902E-004	...........
Line 423	400	100.25	-1.53133E-001	-1.53390E-001	4.12069E-004	...........
Line 424	401	100.5	-1.53220E-001	-1.53452E-001	4.04694E-004	...........
Line 425	402	100.75	-1.53302E-001	-1.53540E-001	4.09527E-004	...........
Line 426	403	101	-1.53380E-001	-1.53641E-001	4.08819E-004	...........
Line 427	404	101.25	-1.53459E-001	-1.53717E-001	4.04527E-004	...........
Line 428	405	101.5	-1.53540E-001	-1.53756E-001	4.11361E-004	...........
Line 429	406	101.75	-1.53620E-001	-1.53826E-001	4.04027E-004	...........
Line 430	407	102	-1.53694E-001	-1.53930E-001	4.06652E-004	...........
Line 431	408	102.25	-1.53764E-001	-1.53989E-001	4.09777E-004	...........
Line 432	409	102.5	-1.53835E-001	-1.54030E-001	4.02652E-004	...........
Line 433	410	102.75	-1.53907E-001	-1.54139E-001	4.07861E-004	...........
Line 434	411	103	-1.53978E-001	-1.54253E-001	4.10152E-004	...........
Line 435	412	103.25	-1.54054E-001	-1.54287E-001	4.11319E-004	...........
Line 436	413	103.5	-1.54135E-001	-1.54377E-001	4.15402E-004	...........
Line 437	414	103.75	-1.54216E-001	-1.54436E-001	4.12111E-004	...........
Line 438	415	104	-1.54293E-001	-1.54525E-001	4.15819E-004	...........
Line 439	416	104.25	-1.54366E-001	-1.54581E-001	4.17902E-004	...........
Line 440	417	104.5	-1.54439E-001	-1.54672E-001	4.09069E-004	...........
Line 441	418	104.75	-1.54512E-001	-1.54743E-001	4.09444E-004	...........
Line 442	419	105	-1.54585E-001	-1.54802E-001	4.07652E-004	...........
Line 443	420	105.25	-1.54659E-001	-1.54845E-001	4.08861E-004	...........
Line 444	421	105.5	-1.54728E-001	-1.54936E-001	4.09152E-004	...........
Line 445	422	105.75	-1.54793E-001	-1.54998E-001	4.10194E-004	...........
Line 446	423	106	-1.54857E-001	-1.55052E-001	4.12527E-004	...........
Line 447	424	106.25	-1.54923E-001	-1.55125E-001	4.09611E-004	...........
Line 448	425	106.5	-1.54988E-001	-1.55211E-001	4.08027E-004	...........
Line 449	426	106.75	-1.55055E-001	-1.55266E-001	4.02902E-004	...........
Line 450	427	107	-1.55125E-001	-1.55342E-001	4.05111E-004	...........
Line 451	428	107.25	-1.55196E-001	-1.55441E-001	4.03361E-004	...........
Line 452	429	107.5	-1.55269E-001	-1.55527E-001	4.09986E-004	...........
Line 453	430	107.75	-1.55347E-001	-1.55564E-001	4.08527E-004	...........
Line 454	431	108	-1.55426E-001	-1.55656E-001	4.07861E-004	...........
Line 455	432	108.25	-1.55502E-001	-1.55716E-001	4.04236E-004	...........
Line 456	433	108.5	-1.55574E-001	-1.55807E-001	4.09361E-004	...........
Line 457	434	108.75	-1.55646E-001	-1.55860E-001	4.04402E-004	...........
Line 458	435	109	-1.55718E-001	-1.55952E-001	4.12444E-004	...........
Line 459	436	109.25	-1.55791E-001	-1.56018E-001	4.11819E-004	...........
Line 460	437	109.5	-1.55865E-001	-1.56079E-001	4.08361E-004	...........
Line 461	438	109.75	-1.55938E-001	-1.56148E-001	4.08319E-004	...........
Line 462	439	110	-1.56009E-001	-1.56245E-001	4.05736E-004	...........
Line 463	440	110.25	-1.56079E-001	-1.56283E-001	4.09652E-004	...........
Line 464	441	110.5	-1.56150E-001	-1.56325E-001	4.08069E-004	...........
Line 465	442	110.75	-1.56216E-001	-1.56393E-001	4.07611E-004	...........
Line 466	443	111	-1.56276E-001	-1.56450E-001	4.06944E-004	...........
Line 467	444	111.25	-1.56332E-001	-1.56502E-001	4.09277E-004	...........
Line 468	445	111.5	-1.56387E-001	-1.56543E-001	4.08694E-004	...........
Line 469	446	111.75	-1.56442E-001	-1.56619E-001	4.07652E-004	...........
Line 470	447	112	-1.56496E-001	-1.56677E-001	4.09694E-004	...........
Line 471	448	112.25	-1.56552E-001	-1.56757E-001	4.06027E-004	...........
Line 472	449	112.5	-1.56613E-001	-1.56831E-001	4.03527E-004	...........
Line 473	450	112.75	-1.56680E-001	-1.56903E-001	4.08236E-004	...........
Line 474	451	113	-1.56750E-001	-1.56935E-001	4.12736E-004	...........
Line 475	452	113.25	-1.56819E-001	-1.57010E-001	4.07861E-004	...........
Line 476	453	113.5	-1.56884E-001	-1.57125E-001	4.08402E-004	...........
Line 477	454	113.75	-1.56950E-001	-1.57180E-001	4.05861E-004	...........
Line 478	455	114	-1.57022E-001	-1.57221E-001	4.08694E-004	...........
Line 479	456	114.25	-1.57095E-001	-1.57298E-001	4.11736E-004	...........
Line 480	457	114.5	-1.57164E-001	-1.57382E-001	4.10611E-004	...........
Line 481	458	114.75	-1.57231E-001	-1.57455E-001	4.10569E-004	...........
Line 482	459	115	-1.57300E-001	-1.57508E-001	4.08861E-004	...........
Line 483	460	115.25	-1.57370E-001	-1.57579E-001	4.12361E-004	...........
Line 484	461	115.5	-1.57440E-001	-1.57649E-001	4.12611E-004	...........
Line 485	462	115.75	-1.57508E-001	-1.57724E-001	4.14944E-004	...........
Line 486	463	116	-1.57577E-001	-1.57812E-001	4.13486E-004	...........
Line 487	464	116.25	-1.57648E-001	-1.57888E-001	4.13194E-004	...........
Line 488	465	116.5	-1.57723E-001	-1.57951E-001	4.13402E-004	...........
Line 489	466	116.75	-1.57799E-001	-1.57986E-001	4.10777E-004	...........
Line 490	467	117	-1.57871E-001	-1.58058E-001	4.11736E-004	...........
Line 491	468	117.25	-1.57936E-001	-1.58163E-001	4.12319E-004	...........
Line 492	469	117.5	-1.57999E-001	-1.58195E-001	4.12236E-004	...........
Line 493	470	117.75	-1.58065E-001	-1.58255E-001	4.12111E-004	...........
Line 494	471	118	-1.58131E-001	-1.58330E-001	4.14527E-004	...........
Line 495	472	118.25	-1.58195E-001	-1.58375E-001	4.15277E-004	...........
Line 496	473	118.5	-1.58256E-001	-1.58442E-001	4.13152E-004	...........
Line 497	474	118.75	-1.58317E-001	-1.58506E-001	4.10486E-004	...........
Line 498	475	119	-1.58377E-001	-1.58571E-001	4.06694E-004	...........
Line 499	476	119.25	-1.58438E-001	-1.58624E-001	4.07694E-004	...........
Line 500	477	119.5	-1.58500E-001	-1.58694E-001	4.08319E-004	...........
Line 501	478	119.75	-1.58562E-001	-1.58744E-001	4.12527E-004	...........
Line 502	479	120	-1.58623E-001	-1.58802E-001	4.15694E-004	...........
Line 503	480	120.25	-1.58682E-001	-1.58843E-001	4.11152E-004	...........
Line 504	481	120.5	-1.58740E-001	-1.58939E-001	4.09361E-004	...........
Line 505	482	120.75	-1.58797E-001	-1.58971E-001	4.11319E-004	...........
Line 506	483	121	-1.58854E-001	-1.58978E-001	4.10486E-004	...........
Line 507	484	121.25	-1.58909E-001	-1.59092E-001	4.12361E-004	...........
Line 508	485	121.5	-1.58960E-001	-1.59149E-001	4.04694E-004	...........
Line 509	486	121.75	-1.59014E-001	-1.59180E-001	4.01236E-004	...........
Line 510	487	122	-1.59071E-001	-1.59214E-001	3.99111E-004	...........
Line 511	488	122.25	-1.59126E-001	-1.59272E-001	4.05569E-004	...........
Line 512	489	122.5	-1.59176E-001	-1.59345E-001	4.08819E-004	...........
Line 513	490	122.75	-1.59224E-001	-1.59386E-001	4.09194E-004	...........
Line 514	491	123	-1.59275E-001	-1.59408E-001	4.12527E-004	...........
Line 515	492	123.25	-1.59325E-001	-1.59417E-001	4.08611E-004	...........
Line 516	493	123.5	-1.59366E-001	-1.59401E-001	4.13652E-004	...........
Line 517	494	123.75	-1.59390E-001	-1.59296E-001	4.13152E-004	...........
Line 518	495	124	-1.59396E-001	-1.59486E-001	4.10277E-004	...........
Line 519	496	124.25	-1.59395E-001	-1.59551E-001	4.13361E-004	...........
Line 520	497	124.5	-1.59414E-001	-1.59651E-001	4.11236E-004	...........
Line 521	498	124.75	-1.59467E-001	-1.59743E-001	4.11194E-004	...........
Line 522	499	125	-1.59546E-001	-1.59823E-001	4.12694E-004	...........
Line 523	500	125.25	-1.59631E-001	-1.59578E-001	4.10777E-004	...........
Line 524	501	125.5	-1.59686E-001	-1.59499E-001	4.13486E-004	...........
Line 525	502	125.75	-1.59676E-001	-1.59103E-001	4.13444E-004	...........
Line 526	503	126	-1.59575E-001	-1.58584E-001	4.06527E-004	...........
Line 527	504	126.25	-1.59375E-001	-1.58702E-001	4.10069E-004	...........
Line 528	505	126.5	-1.59123E-001	-1.58999E-001	4.10111E-004	...........
Line 529	506	126.75	-1.58930E-001	-1.59261E-001	4.11986E-004	...........
Line 530	507	127	-1.58887E-001	-1.59415E-001	4.04652E-004	...........
Line 531	508	127.25	-1.58990E-001	-1.59514E-001	4.08111E-004	...........
Line 532	509	127.5	-1.59166E-001	-1.59622E-001	4.06527E-004	...........
Line 533	510	127.75	-1.59343E-001	-1.59729E-001	4.11444E-004	...........
Line 534	511	128	-1.59492E-001	-1.59900E-001	4.12694E-004	...........
Line 535	512	128.25	-1.59620E-001	-1.59905E-001	4.11861E-004	...........
Line 536	513	128.5	-1.59729E-001	-1.59779E-001	4.15694E-004	...........
Line 537	514	128.75	-1.59820E-001	-1.60547E-001	4.06861E-004	...........
Line 538	515	129	-1.60030E-001	-1.66100E-001	4.07736E-004	...........
Line 539	516	129.25	-1.61077E-001	-1.83721E-001	4.08402E-004	...........
Line 540	517	129.5	-1.64248E-001	-1.84079E-001	4.07986E-004	...........
Line 541	518	129.75	-1.69902E-001	-1.85865E-001	4.08402E-004	...........
Line 542	519	130	-1.76424E-001	-1.88073E-001	4.13777E-004	...........
Line 543	520	130.25	-1.81724E-001	-1.84917E-001	4.08861E-004	...........
Line 544	521	130.5	-1.84828E-001	-1.82729E-001	4.14236E-004	...........
Line 545	522	130.75	-1.85822E-001	-1.85320E-001	4.15402E-004	...........
Line 546	523	131	-1.85531E-001	-1.85726E-001	4.16861E-004	...........
Line 547	524	131.25	-1.84954E-001	-1.79723E-001	4.07944E-004	...........
Line 548	525	131.5	-1.84003E-001	-1.63761E-001	4.11111E-004	...........
Line 549	526	131.75	-1.81316E-001	-1.62212E-001	4.10694E-004	...........
Line 550	527	132	-1.76220E-001	-1.61335E-001	4.06236E-004	...........
Line 551	528	132.25	-1.70163E-001	-1.61211E-001	4.09902E-004	...........
Line 552	529	132.5	-1.65301E-001	-1.62266E-001	4.09902E-004	...........
Line 553	530	132.75	-1.62361E-001	-1.50422E-001	4.14111E-004	...........
Line 554	531	133	-1.60447E-001	-1.60266E-001	4.11777E-004	...........
Line 555	532	133.25	-1.58886E-001	-1.63189E-001	4.10736E-004	...........
Line 556	533	133.5	-1.58283E-001	-1.60889E-001	4.15986E-004	...........
Line 557	534	133.75	-1.58966E-001	-1.59329E-001	4.11777E-004	...........
Line 558	535	134	-1.59987E-001	-1.60298E-001	4.17527E-004	...........
Line 559	536	134.25	-1.60473E-001	-1.60973E-001	4.17986E-004	...........
Line 560	537	134.5	-1.60531E-001	-1.61553E-001	4.11902E-004	...........
Line 561	538	134.75	-1.60625E-001	-1.62090E-001	4.13986E-004	...........
Line 562	539	135	-1.60948E-001	-1.62494E-001	4.14861E-004	...........
Line 563	540	135.25	-1.61426E-001	-1.62757E-001	4.12486E-004	...........
Line 564	541	135.5	-1.61923E-001	-1.62972E-001	4.11152E-004	...........
Line 565	542	135.75	-1.62350E-001	-1.63196E-001	4.11444E-004	...........
Line 566	543	136	-1.62686E-001	-1.63386E-001	4.07527E-004	...........
Line 567	544	136.25	-1.62950E-001	-1.63560E-001	4.14069E-004	...........
Line 568	545	136.5	-1.63168E-001	-1.63691E-001	4.12694E-004	...........
Line 569	546	136.75	-1.63359E-001	-1.63837E-001	4.11194E-004	...........
Line 570	547	137	-1.63526E-001	-1.63912E-001	4.13111E-004	...........
Line 571	548	137.25	-1.63673E-001	-1.64009E-001	4.12569E-004	...........
Line 572	549	137.5	-1.63800E-001	-1.64226E-001	4.06902E-004	...........
Line 573	550	137.75	-1.63923E-001	-1.64444E-001	4.13861E-004	...........
Line 574	551	138	-1.64058E-001	-1.64427E-001	4.14944E-004	...........
Line 575	552	138.25	-1.64201E-001	-1.64443E-001	4.16361E-004	...........
Line 576	553	138.5	-1.64320E-001	-1.64353E-001	4.16194E-004	...........
Line 577	554	138.75	-1.64389E-001	-1.64382E-001	4.15569E-004	...........
Line 578	555	139	-1.64410E-001	-1.64490E-001	4.18985E-004	...........
Line 579	556	139.25	-1.64414E-001	-1.64540E-001	4.20069E-004	...........
Line 580	557	139.5	-1.64433E-001	-1.64617E-001	4.15944E-004	...........
Line 581	558	139.75	-1.64477E-001	-1.64712E-001	4.15652E-004	...........
Line 582	559	140	-1.64543E-001	-1.64865E-001	4.10569E-004	...........
Line 583	560	140.25	-1.64627E-001	-1.64991E-001	4.13986E-004	...........
Line 584	561	140.5	-1.64730E-001	-1.65050E-001	4.19652E-004	...........
Line 585	562	140.75	-1.64841E-001	-1.65125E-001	4.18194E-004	...........
Line 586	563	141	-1.64947E-001	-1.65226E-001	4.16944E-004	...........
Line 587	564	141.25	-1.65042E-001	-1.65266E-001	4.17777E-004	...........
Line 588	565	141.5	-1.65123E-001	-1.65222E-001	4.21235E-004	...........
Line 589	566	141.75	-1.65191E-001	-1.65574E-001	4.19902E-004	...........
Line 590	567	142	-1.65272E-001	-1.66148E-001	4.13652E-004	...........
Line 591	568	142.25	-1.65408E-001	-1.65628E-001	4.11777E-004	...........
Line 592	569	142.5	-1.65575E-001	-1.65354E-001	4.16402E-004	...........
Line 593	570	142.75	-1.65665E-001	-1.65233E-001	4.14861E-004	...........
Line 594	571	143	-1.65616E-001	-1.65222E-001	4.17319E-004	...........
Line 595	572	143.25	-1.65481E-001	-1.65278E-001	4.11861E-004	...........
Line 596	573	143.5	-1.65354E-001	-1.65349E-001	4.12694E-004	...........
Line 597	574	143.75	-1.65290E-001	-1.65395E-001	4.14611E-004	...........
Line 598	575	144	-1.65291E-001	-1.65456E-001	4.12194E-004	...........
Line 599	576	144.25	-1.65331E-001	-1.65506E-001	4.06069E-004	...........
Line 600	577	144.5	-1.65388E-001	-1.65587E-001	4.09652E-004	...........
Line 601	578	144.75	-1.65449E-001	-1.65666E-001	4.08027E-004	...........
Line 602	579	145	-1.65522E-001	-1.66150E-001	4.13236E-004	...........
Line 603	580	145.25	-1.65649E-001	-1.67106E-001	4.09819E-004	...........
Line 604	581	145.5	-1.65904E-001	-1.67335E-001	4.06402E-004	...........
Line 605	582	145.75	-1.66303E-001	-1.67428E-001	4.12194E-004	...........
Line 606	583	146	-1.66743E-001	-1.67078E-001	4.16361E-004	...........
Line 607	584	146.25	-1.67068E-001	-1.67070E-001	4.11444E-004	...........
Line 608	585	146.5	-1.67204E-001	-1.67024E-001	4.09194E-004	...........
Line 609	586	146.75	-1.67190E-001	-1.66910E-001	4.11777E-004	...........
Line 610	587	147	-1.67112E-001	-1.66886E-001	4.12736E-004	...........
Line 611	588	147.25	-1.67026E-001	-1.66894E-001	4.12569E-004	...........
Line 612	589	147.5	-1.66959E-001	-1.66975E-001	4.09736E-004	...........
Line 613	590	147.75	-1.66924E-001	-1.66910E-001	4.12027E-004	...........
Line 614	591	148	-1.66913E-001	-1.66762E-001	4.15194E-004	...........
Line 615	592	148.25	-1.66902E-001	-1.66778E-001	4.11569E-004	...........
Line 616	593	148.5	-1.66871E-001	-1.66768E-001	4.05444E-004	...........
Line 617	594	148.75	-1.66825E-001	-1.66555E-001	4.08111E-004	...........
Line 618	595	149	-1.66769E-001	-1.66539E-001	4.09319E-004	...........
Line 619	596	149.25	-1.66701E-001	-1.66550E-001	4.13652E-004	...........
Line 620	597	149.5	-1.66632E-001	-1.66523E-001	4.13194E-004	...........
Line 621	598	149.75	-1.66578E-001	-1.66534E-001	4.14152E-004	...........
Line 622	599	150	-1.66548E-001	-1.66536E-001	4.16152E-004	...........
Line 623	600	150.25	-1.66534E-001	-1.66524E-001	4.12777E-004	...........
Line 624	601	150.5	-1.66531E-001	-1.66544E-001	4.12444E-004	...........
Line 625	602	150.75	-1.66532E-001	-1.66590E-001	4.12777E-004	...........
Line 626	603	151	-1.66540E-001	-1.66635E-001	4.08444E-004	...........
Line 627	604	151.25	-1.66559E-001	-1.66632E-001	4.07652E-004	...........
Line 628	605	151.5	-1.66585E-001	-1.66669E-001	4.12527E-004	...........
Line 629	606	151.75	-1.66613E-001	-1.66660E-001	4.08902E-004	...........
Line 630	607	152	-1.66636E-001	-1.66687E-001	4.13777E-004	...........
Line 631	608	152.25	-1.66654E-001	-1.66676E-001	4.08069E-004	...........
Line 632	609	152.5	-1.66669E-001	-1.66819E-001	4.12444E-004	...........
Line 633	610	152.75	-1.66695E-001	-1.67009E-001	4.15027E-004	...........
Line 634	611	153	-1.66746E-001	-1.66925E-001	4.11319E-004	...........
Line 635	612	153.25	-1.66814E-001	-1.66625E-001	4.11236E-004	...........
Line 636	613	153.5	-1.66852E-001	-1.66740E-001	4.14194E-004	...........
Line 637	614	153.75	-1.66835E-001	-1.66830E-001	4.08527E-004	...........
Line 638	615	154	-1.66798E-001	-1.66904E-001	4.12069E-004	...........
Line 639	616	154.25	-1.66790E-001	-1.66977E-001	4.12236E-004	...........
Line 640	617	154.5	-1.66826E-001	-1.67012E-001	4.09069E-004	...........
Line 641	618	154.75	-1.66884E-001	-1.66975E-001	4.14777E-004	...........
Line 642	619	155	-1.66939E-001	-1.67002E-001	4.13236E-004	...........
Line 643	620	155.25	-1.66975E-001	-1.67036E-001	4.10902E-004	...........
Line 644	621	155.5	-1.66995E-001	-1.67021E-001	4.10652E-004	...........
Line 645	622	155.75	-1.67008E-001	-1.67039E-001	4.01986E-004	...........
Line 646	623	156	-1.67020E-001	-1.67070E-001	4.05902E-004	...........
Line 647	624	156.25	-1.67032E-001	-1.67126E-001	4.14402E-004	...........
Line 648	625	156.5	-1.67051E-001	-1.67146E-001	4.09486E-004	...........
Line 649	626	156.75	-1.67078E-001	-1.67169E-001	4.22444E-004	...........
Line 650	627	157	-1.67110E-001	-1.67226E-001	4.13777E-004	...........
Line 651	628	157.25	-1.67143E-001	-1.67249E-001	4.11402E-004	...........
Line 652	629	157.5	-1.67177E-001	-1.67254E-001	4.14277E-004	...........
Line 653	630	157.75	-1.67209E-001	-1.67264E-001	4.18277E-004	...........
Line 654	631	158	-1.67236E-001	-1.67367E-001	4.15319E-004	...........
Line 655	632	158.25	-1.67263E-001	-1.67386E-001	4.10444E-004	...........
Line 656	633	158.5	-1.67298E-001	-1.67471E-001	4.15444E-004	...........
Line 657EOC	QUANT	-0.167298	Open Circuit (V)
Line 658PSTATMODEL	IQUANT	4	Pstat Model
Line 659PSTATSECTION	LABEL	REF600-19025	Pstat Section
Line 660PSTATSERIALNO	LABEL	19025	Pstat Serial Number
Line 661CTRLMODE	IQUANT	1	Control Mode
Line 662IESTAB	IQUANT	0	I/E Stability
Line 663CASPEED	IQUANT	1	Control Amp Speed
Line 664CONVENTION	IQUANT	1	Current Convention
Line 665ICHRANGE	IQUANT	2	Ich Range
Line 666ICHRANGEMODE	TOGGLE	F	Ich Auto Range
Line 667ICHOFFSETENABLE	TOGGLE	T	Ich Offset Enable
Line 668ICHOFFSET	QUANT	0	Ich Offset (V)
Line 669ICHFILTER	IQUANT	3	Ich Filter
Line 670VCHRANGE	IQUANT	2	Vch Range
Line 671VCHRANGEMODE	TOGGLE	F	Vch Auto Range
Line 672VCHOFFSETENABLE	TOGGLE	T	Vch Offset Enable
Line 673VCHOFFSET	QUANT	0	Vch Offset (V)
Line 674VCHFILTER	IQUANT	3	Vch Filter
Line 675ACHRANGE	IQUANT	2	Ach Range
Line 676ACHOFFSETENABLE	TOGGLE	F	Ach Offset Enable
Line 677ACHOFFSET	QUANT	0	Ach Offset (V)
Line 678ACHFILTER	IQUANT	3	Ach Filter
Line 679IERANGELOWERLIMIT	IQUANT	1	I/E Range Lower Limit
Line 680IERANGEMODE	TOGGLE	F	I/E AutoRange
Line 681IERANGE	IQUANT	3	I/E Range
Line 682POSFEEDENABLE	TOGGLE	F	Positive Feedback IR Comp
Line 683POSFEEDRESISTANCE	QUANT	0	Positive Feedback Resistance (ohm)
Line 684ACHSELECT	IQUANT	0	Ach Select
Line 685CABLEID	IQUANT	13	Cable ID
Line 686DCCALDATE	LABEL	2017-4-11	DC Calibration Date
Line 687ACCALDATE	LABEL	2017-4-11	AC Calibration Date
Line 688THERMOSELECT	IQUANT	1	Thermo Select
Line 689FRAMEWORKVERSION	QUANT	6.04	Framework Version
Line 690INSTRUMENTVERSION	LABEL	3.04	Instrument Version
Line 691ZCURVE	TABLE
Line 692	Pt	Time	Freq	Zreal	Zimag	Zsig	Zmod	Zphz	Idc	Vdc	IERange
Line 693	#	s	Hz	ohm	ohm	V	ohm	°	A	V	#
Line 694	0	6	100078.1	6942.707	-110510.3	1	110728.2	-86.40517	4.060019E-007	-0.1666647	8
Line 695	1	12	63140.62	8669.313	-174294.6	1	174510	-87.15249	-1.821967E-006	-0.1669759	8
Line 696	2	14	39890.62	21123.52	-265920.9	1	266758.5	-85.45823	1.500241E-006	-0.1679934	7
Line 697	3	23	25171.88	35532.44	-412424.8	1	413952.6	-85.07584	-1.213297E-007	-0.1656413	7
Line 698	4	29	15890.62	57131.3	-654597.6	1	657085.9	-85.01204	-7.855517E-007	-0.1659896	7
Line 699	5	35	10078.13	98349.6	-1022893	1	1027611	-84.50798	-1.044053E-006	-0.1648186	7
Line 700	6	39	6328.125	134299	-1433997	1	1440272	-84.64965	-1.714632E-006	-0.1646582	7
Line 701	7	43	3984.375	214487	-2270010	1	2280121	-84.6023	-1.390283E-007	-0.1631967	6
Line 702	8	49	2527.573	897307.9	-3557549	1	3668967	-75.84376	-2.016232E-007	-0.162642	6
Line 703	9	54	1577.524	871150	-5556008	1	5623889	-81.08891	-1.923797E-007	-0.1646707	6
Line 704	10	59	998.264	2772432	-8530881	1	8970079	-71.99648	-5.947547E-008	-0.1672153	6
Line 705	11	64	627.7902	1589685	-9184848	1	9321402	-80.1807	-2.443428E-007	-0.1624572	6
Line 706	12	69	397.9953	5522653	-1.529928E+007	1	1.626554E+007	-70.1517	-3.964052E-011	-0.1663238	5
Line 707	13	75	252.4038	8664952	-2.124045E+007	1	2.293988E+007	-67.80721	-6.564851E-011	-0.1663079	5
Line 708	14	78	158.3615	1.320737E+007	-2.972664E+007	1	3.252857E+007	-66.04471	-2.642837E-011	-0.1663186	5
Line 709	15	81	100.4464	1.995612E+007	-4.019138E+007	1	4.487308E+007	-63.59434	-5.178281E-011	-0.166307	5
Line 710	16	84	63.3446	2.835697E+007	-5.828013E+007	1	6.481274E+007	-64.05415	-5.436207E-011	-0.1663183	5
Line 711	17	87	38.42213	4.226582E+007	-7.020142E+007	1	8.19429E+007	-58.94933	-1.006238E-011	-0.1663006	4
Line 712	18	91	24.93351	5.973238E+007	-1.022577E+008	1	1.184255E+008	-59.70927	-7.120602E-012	-0.1663195	4
Line 713	19	95	15.625	9.988834E+007	-1.659881E+008	1	1.937259E+008	-58.9613	1.358592E-011	-0.1663071	4
Line 714	20	98	9.93114	9.306969E+007	-1.838635E+008	1	2.060771E+008	-63.15197	6.380307E-012	-0.1663154	4
Line 715	21	102	6.317385	1.50848E+008	-2.333511E+008	1	2.77863E+008	-57.11967	-2.988877E-012	-0.1663076	4
Line 716	22	108	3.945707	2.064786E+008	-3.094172E+008	1	3.719844E+008	-56.28425	-2.479245E-012	-0.1663022	3
Line 717	23	114	2.504006	2.743132E+008	-4.061067E+008	1	4.900718E+008	-55.96213	-2.013164E-012	-0.1663096	3
Line 718	24	122	1.584686	3.62529E+008	-5.345485E+008	1	6.458865E+008	-55.85501	-2.053725E-012	-0.1663355	3
Line 719	25	132	0.999041	4.803388E+008	-7.14093E+008	1	8.606127E+008	-56.07302	-1.912567E-012	-0.1663161	3
Line 720	26	139	0.633446	6.32121E+008	-9.452001E+008	1	1.137093E+009	-56.2266	-1.646762E-012	-0.1670305	3
Line 721	27	151	0.400641	8.399482E+008	-1.266842E+009	1	1.520001E+009	-56.45462	-7.162658E-013	-0.1670375	2
Line 722	28	168	0.2520161	1.112164E+009	-1.71037E+009	1	2.040165E+009	-56.96616	-8.723348E-013	-0.1670373	2
Line 723	29	203	0.1588983	1.498747E+009	-2.31949E+009	1	2.761571E+009	-57.13132	-5.544602E-013	-0.1670389	2
Line 724	30	241	0.1001603	2.091343E+009	-3.305343E+009	1	3.911395E+009	-57.67781	-3.456613E-013	-0.1670427	2
